2019-09-26 12:37:09 Notice: Notice (8): Undefined index: Roles in [/var/www/html/EMS/vendor/cakephp/bake/src/View/Helper/DocBlockHelper.php, line 250]
Trace:
Cake\Error\BaseErrorHandler::handleError() - CORE/src/Error/BaseErrorHandler.php, line 159
Bake\View\Helper\DocBlockHelper::buildTableAnnotations() - ROOT/vendor/cakephp/bake/src/View/Helper/DocBlockHelper.php, line 250
Twig\Template::getAttribute() - ROOT/vendor/twig/twig/src/Template.php, line 704
__TwigTemplate_887f57d44ac43f2cb4381ccd7804d23964dde7f6d7bfb7550fbdf3957088d010::doDisplay() - ROOT/tmp/cache/twigView/a3/a391886fe09b97967dc6650c087251a08b94f9824236884179e7ccd475dfb61b.php, line 33
Twig\Template::displayWithErrorHandling() - ROOT/vendor/twig/twig/src/Template.php, line 455
Twig\Template::display() - ROOT/vendor/twig/twig/src/Template.php, line 422
Twig\Template::render() - ROOT/vendor/twig/twig/src/Template.php, line 434
WyriHaximus\TwigView\View\TwigView::_render() - ROOT/vendor/wyrihaximus/twig-view/src/View/TwigView.php, line 180
Bake\View\BakeView::render() - ROOT/vendor/cakephp/bake/src/View/BakeView.php, line 146
Bake\Shell\Task\BakeTemplateTask::generate() - ROOT/vendor/cakephp/bake/src/Shell/Task/BakeTemplateTask.php, line 91
Bake\Shell\Task\ModelTask::bakeTable() - ROOT/vendor/cakephp/bake/src/Shell/Task/ModelTask.php, line 1017
Bake\Shell\Task\ModelTask::bake() - ROOT/vendor/cakephp/bake/src/Shell/Task/ModelTask.php, line 115
Bake\Shell\Task\ModelTask::main() - ROOT/vendor/cakephp/bake/src/Shell/Task/ModelTask.php, line 101
Cake\Console\Shell::runCommand() - CORE/src/Console/Shell.php, line 532
Cake\Console\Shell::runCommand() - CORE/src/Console/Shell.php, line 525
Cake\Console\CommandRunner::runShell() - CORE/src/Console/CommandRunner.php, line 384
Cake\Console\CommandRunner::run() - CORE/src/Console/CommandRunner.php, line 162
[main] - ROOT/bin/cake.php, line 12



